u = 1.0000e-06
m = 1.0000e-03
w = 377
R = 5
R1 = 8
R2 = 12
C = 3.3000e-04
L = 2.7000e-03
XC = 8.0379
XL = 1.0179
ZL =  6.2328e-17 + 1.0179e+00i
ZC =  4.9218e-16 - 8.0379e+00i
ZR = 5
Vi = 20
Vo = 0
Z =

   0.0000 - 7.0200i  -0.0000 + 8.0379i
  -0.0000 + 8.0379i   5.0000 - 8.0379i

V =

   20
    0

resp =

   4.9738 + 1.6896i
   4.3440 - 1.0126i

====================== x,y:
x =  4.9738 + 1.6896i
y =  4.3440 - 1.0126i
======================= iL, iC, IR:
iL =  4.9738 + 1.6896i
iC =  0.6299 + 2.7022i
iR =  4.3440 - 1.0126i
======================= iL, iC, IR:
ans =

    5.2530   18.7624

ans =

    2.7746   76.8787

ans =

    4.4604  -13.1213

fim
